2018-09-26 18:34:06 Notice: Notice (8): Undefined index: OwnershipStatuses in [C:\Program Files (x86)\Ampps\www\GestionDesStages\GestionDesStages\vendor\cakephp\bake\src\View\Helper\DocBlockHelper.php, line 238]
Trace:
Cake\Error\BaseErrorHandler::handleError() - CORE\src\Error\BaseErrorHandler.php, line 159
Bake\View\Helper\DocBlockHelper::buildTableAnnotations() - ROOT\vendor\cakephp\bake\src\View\Helper\DocBlockHelper.php, line 238
Twig_Template::getAttribute() - ROOT\vendor\twig\twig\lib\Twig\Template.php, line 679
__TwigTemplate_724b5bfc12a7b3e145c0a6c73f95c17c994cb515823cbb71eb0d246a34b66b48::doDisplay() - ROOT\tmp\cache\twigView\ac\ac7ed9eb66e32aa65e1c165c4bebc10aeee537c6cadb080cd4c9dd5ec01c369f.php, line 22
Twig_Template::displayWithErrorHandling() - ROOT\vendor\twig\twig\lib\Twig\Template.php, line 432
Twig_Template::display() - ROOT\vendor\twig\twig\lib\Twig\Template.php, line 403
Twig_Template::render() - ROOT\vendor\twig\twig\lib\Twig\Template.php, line 411
WyriHaximus\TwigView\View\TwigView::_render() - ROOT\vendor\wyrihaximus\twig-view\src\View\TwigView.php, line 180
Bake\View\BakeView::render() - ROOT\vendor\cakephp\bake\src\View\BakeView.php, line 146
Bake\Shell\Task\BakeTemplateTask::generate() - ROOT\vendor\cakephp\bake\src\Shell\Task\BakeTemplateTask.php, line 91
Bake\Shell\Task\ModelTask::bakeTable() - ROOT\vendor\cakephp\bake\src\Shell\Task\ModelTask.php, line 956
Bake\Shell\Task\ModelTask::bake() - ROOT\vendor\cakephp\bake\src\Shell\Task\ModelTask.php, line 114
Bake\Shell\Task\ModelTask::main() - ROOT\vendor\cakephp\bake\src\Shell\Task\ModelTask.php, line 100
Bake\Shell\BakeShell::Bake\Shell\{closure}() - ROOT\vendor\cakephp\bake\src\Shell\BakeShell.php, line 273
Cake\Collection\Collection::each() - CORE\src\Collection\CollectionTrait.php, line 51
Bake\Shell\BakeShell::all() - ROOT\vendor\cakephp\bake\src\Shell\BakeShell.php, line 274
Cake\Console\Shell::runCommand() - CORE\src\Console\Shell.php, line 518
Cake\Console\CommandRunner::runShell() - CORE\src\Console\CommandRunner.php, line 342
Cake\Console\CommandRunner::run() - CORE\src\Console\CommandRunner.php, line 164
[main] - ROOT\bin\cake.php, line 12



2018-09-26 18:34:06 Notice: Notice (8): Undefined index: Regions in [C:\Program Files (x86)\Ampps\www\GestionDesStages\GestionDesStages\vendor\cakephp\bake\src\View\Helper\DocBlockHelper.php, line 238]
Trace:
Cake\Error\BaseErrorHandler::handleError() - CORE\src\Error\BaseErrorHandler.php, line 159
Bake\View\Helper\DocBlockHelper::buildTableAnnotations() - ROOT\vendor\cakephp\bake\src\View\Helper\DocBlockHelper.php, line 238
Twig_Template::getAttribute() - ROOT\vendor\twig\twig\lib\Twig\Template.php, line 679
__TwigTemplate_724b5bfc12a7b3e145c0a6c73f95c17c994cb515823cbb71eb0d246a34b66b48::doDisplay() - ROOT\tmp\cache\twigView\ac\ac7ed9eb66e32aa65e1c165c4bebc10aeee537c6cadb080cd4c9dd5ec01c369f.php, line 22
Twig_Template::displayWithErrorHandling() - ROOT\vendor\twig\twig\lib\Twig\Template.php, line 432
Twig_Template::display() - ROOT\vendor\twig\twig\lib\Twig\Template.php, line 403
Twig_Template::render() - ROOT\vendor\twig\twig\lib\Twig\Template.php, line 411
WyriHaximus\TwigView\View\TwigView::_render() - ROOT\vendor\wyrihaximus\twig-view\src\View\TwigView.php, line 180
Bake\View\BakeView::render() - ROOT\vendor\cakephp\bake\src\View\BakeView.php, line 146
Bake\Shell\Task\BakeTemplateTask::generate() - ROOT\vendor\cakephp\bake\src\Shell\Task\BakeTemplateTask.php, line 91
Bake\Shell\Task\ModelTask::bakeTable() - ROOT\vendor\cakephp\bake\src\Shell\Task\ModelTask.php, line 956
Bake\Shell\Task\ModelTask::bake() - ROOT\vendor\cakephp\bake\src\Shell\Task\ModelTask.php, line 114
Bake\Shell\Task\ModelTask::main() - ROOT\vendor\cakephp\bake\src\Shell\Task\ModelTask.php, line 100
Bake\Shell\BakeShell::Bake\Shell\{closure}() - ROOT\vendor\cakephp\bake\src\Shell\BakeShell.php, line 273
Cake\Collection\Collection::each() - CORE\src\Collection\CollectionTrait.php, line 51
Bake\Shell\BakeShell::all() - ROOT\vendor\cakephp\bake\src\Shell\BakeShell.php, line 274
Cake\Console\Shell::runCommand() - CORE\src\Console\Shell.php, line 518
Cake\Console\CommandRunner::runShell() - CORE\src\Console\CommandRunner.php, line 342
Cake\Console\CommandRunner::run() - CORE\src\Console\CommandRunner.php, line 164
[main] - ROOT\bin\cake.php, line 12



2018-09-26 18:34:06 Notice: Notice (8): Undefined index: ClientTypes in [C:\Program Files (x86)\Ampps\www\GestionDesStages\GestionDesStages\vendor\cakephp\bake\src\View\Helper\DocBlockHelper.php, line 238]
Trace:
Cake\Error\BaseErrorHandler::handleError() - CORE\src\Error\BaseErrorHandler.php, line 159
Bake\View\Helper\DocBlockHelper::buildTableAnnotations() - ROOT\vendor\cakephp\bake\src\View\Helper\DocBlockHelper.php, line 238
Twig_Template::getAttribute() - ROOT\vendor\twig\twig\lib\Twig\Template.php, line 679
__TwigTemplate_724b5bfc12a7b3e145c0a6c73f95c17c994cb515823cbb71eb0d246a34b66b48::doDisplay() - ROOT\tmp\cache\twigView\ac\ac7ed9eb66e32aa65e1c165c4bebc10aeee537c6cadb080cd4c9dd5ec01c369f.php, line 22
Twig_Template::displayWithErrorHandling() - ROOT\vendor\twig\twig\lib\Twig\Template.php, line 432
Twig_Template::display() - ROOT\vendor\twig\twig\lib\Twig\Template.php, line 403
Twig_Template::render() - ROOT\vendor\twig\twig\lib\Twig\Template.php, line 411
WyriHaximus\TwigView\View\TwigView::_render() - ROOT\vendor\wyrihaximus\twig-view\src\View\TwigView.php, line 180
Bake\View\BakeView::render() - ROOT\vendor\cakephp\bake\src\View\BakeView.php, line 146
Bake\Shell\Task\BakeTemplateTask::generate() - ROOT\vendor\cakephp\bake\src\Shell\Task\BakeTemplateTask.php, line 91
Bake\Shell\Task\ModelTask::bakeTable() - ROOT\vendor\cakephp\bake\src\Shell\Task\ModelTask.php, line 956
Bake\Shell\Task\ModelTask::bake() - ROOT\vendor\cakephp\bake\src\Shell\Task\ModelTask.php, line 114
Bake\Shell\Task\ModelTask::main() - ROOT\vendor\cakephp\bake\src\Shell\Task\ModelTask.php, line 100
Bake\Shell\BakeShell::Bake\Shell\{closure}() - ROOT\vendor\cakephp\bake\src\Shell\BakeShell.php, line 273
Cake\Collection\Collection::each() - CORE\src\Collection\CollectionTrait.php, line 51
Bake\Shell\BakeShell::all() - ROOT\vendor\cakephp\bake\src\Shell\BakeShell.php, line 274
Cake\Console\Shell::runCommand() - CORE\src\Console\Shell.php, line 518
Cake\Console\CommandRunner::runShell() - CORE\src\Console\CommandRunner.php, line 342
Cake\Console\CommandRunner::run() - CORE\src\Console\CommandRunner.php, line 164
[main] - ROOT\bin\cake.php, line 12



2018-09-26 18:40:12 Notice: Notice (8): Undefined index: Establishments in [C:\Program Files (x86)\Ampps\www\GestionDesStages\GestionDesStages\vendor\cakephp\bake\src\View\Helper\DocBlockHelper.php, line 238]
Trace:
Cake\Error\BaseErrorHandler::handleError() - CORE\src\Error\BaseErrorHandler.php, line 159
Bake\View\Helper\DocBlockHelper::buildTableAnnotations() - ROOT\vendor\cakephp\bake\src\View\Helper\DocBlockHelper.php, line 238
Twig_Template::getAttribute() - ROOT\vendor\twig\twig\lib\Twig\Template.php, line 679
__TwigTemplate_724b5bfc12a7b3e145c0a6c73f95c17c994cb515823cbb71eb0d246a34b66b48::doDisplay() - ROOT\tmp\cache\twigView\ac\ac7ed9eb66e32aa65e1c165c4bebc10aeee537c6cadb080cd4c9dd5ec01c369f.php, line 22
Twig_Template::displayWithErrorHandling() - ROOT\vendor\twig\twig\lib\Twig\Template.php, line 432
Twig_Template::display() - ROOT\vendor\twig\twig\lib\Twig\Template.php, line 403
Twig_Template::render() - ROOT\vendor\twig\twig\lib\Twig\Template.php, line 411
WyriHaximus\TwigView\View\TwigView::_render() - ROOT\vendor\wyrihaximus\twig-view\src\View\TwigView.php, line 180
Bake\View\BakeView::render() - ROOT\vendor\cakephp\bake\src\View\BakeView.php, line 146
Bake\Shell\Task\BakeTemplateTask::generate() - ROOT\vendor\cakephp\bake\src\Shell\Task\BakeTemplateTask.php, line 91
Bake\Shell\Task\ModelTask::bakeTable() - ROOT\vendor\cakephp\bake\src\Shell\Task\ModelTask.php, line 956
Bake\Shell\Task\ModelTask::bake() - ROOT\vendor\cakephp\bake\src\Shell\Task\ModelTask.php, line 114
Bake\Shell\Task\ModelTask::main() - ROOT\vendor\cakephp\bake\src\Shell\Task\ModelTask.php, line 100
Bake\Shell\BakeShell::Bake\Shell\{closure}() - ROOT\vendor\cakephp\bake\src\Shell\BakeShell.php, line 273
Cake\Collection\Collection::each() - CORE\src\Collection\CollectionTrait.php, line 51
Bake\Shell\BakeShell::all() - ROOT\vendor\cakephp\bake\src\Shell\BakeShell.php, line 274
Cake\Console\Shell::runCommand() - CORE\src\Console\Shell.php, line 518
Cake\Console\CommandRunner::runShell() - CORE\src\Console\CommandRunner.php, line 342
Cake\Console\CommandRunner::run() - CORE\src\Console\CommandRunner.php, line 164
[main] - ROOT\bin\cake.php, line 12



2018-11-07 01:15:54 Notice: Notice (8): Undefined variable: routes in [C:\wamp64\www\GestionDesStages\config\routes.php, line 78]
Trace:
Cake\Error\BaseErrorHandler::handleError() - CORE\src\Error\BaseErrorHandler.php, line 159
include - ROOT\config\routes.php, line 78
Cake\Routing\Router::_loadRoutes() - CORE\src\Routing\Router.php, line 1170
Cake\Routing\Router::url() - CORE\src\Routing\Router.php, line 610
Cake\TestSuite\MiddlewareDispatcher::resolveUrl() - CORE\src\TestSuite\MiddlewareDispatcher.php, line 99
Cake\TestSuite\IntegrationTestCase::_sendRequest() - CORE\src\TestSuite\IntegrationTestCase.php, line 491
Cake\TestSuite\IntegrationTestCase::get() - CORE\src\TestSuite\IntegrationTestCase.php, line 375
App\Test\TestCase\Controller\PagesControllerTest::testMultipleGet() - ROOT\tests\TestCase\Controller\PagesControllerTest.php, line 37
ReflectionMethod::invokeArgs() - [internal], line ??
PHPUnit_Framework_TestCase::runTest() - ROOT\vendor\phpunit\phpunit\src\Framework\TestCase.php, line 1062
PHPUnit_Framework_TestCase::runBare() - ROOT\vendor\phpunit\phpunit\src\Framework\TestCase.php, line 913
PHPUnit_Framework_TestResult::run() - ROOT\vendor\phpunit\phpunit\src\Framework\TestResult.php, line 686
PHPUnit_Framework_TestCase::run() - ROOT\vendor\phpunit\phpunit\src\Framework\TestCase.php, line 868
PHPUnit_Framework_TestSuite::run() - ROOT\vendor\phpunit\phpunit\src\Framework\TestSuite.php, line 733
PHPUnit_Framework_TestSuite::run() - ROOT\vendor\phpunit\phpunit\src\Framework\TestSuite.php, line 733
PHPUnit_TextUI_TestRunner::doRun() - ROOT\vendor\phpunit\phpunit\src\TextUI\TestRunner.php, line 517
PHPUnit_TextUI_Command::run() - ROOT\vendor\phpunit\phpunit\src\TextUI\Command.php, line 186
PHPUnit_TextUI_Command::main() - ROOT\vendor\phpunit\phpunit\src\TextUI\Command.php, line 116
[main] - ROOT\vendor\phpunit\phpunit\phpunit, line 52



2018-11-07 01:15:54 Notice: Notice (8): Undefined variable: routes in [C:\wamp64\www\GestionDesStages\config\routes.php, line 78]
Trace:
Cake\Error\BaseErrorHandler::handleError() - CORE\src\Error\BaseErrorHandler.php, line 159
include - ROOT\config\routes.php, line 78
Cake\Routing\Router::_loadRoutes() - CORE\src\Routing\Router.php, line 1170
Cake\Routing\Router::url() - CORE\src\Routing\Router.php, line 610
Cake\TestSuite\MiddlewareDispatcher::resolveUrl() - CORE\src\TestSuite\MiddlewareDispatcher.php, line 99
Cake\TestSuite\IntegrationTestCase::_sendRequest() - CORE\src\TestSuite\IntegrationTestCase.php, line 491
Cake\TestSuite\IntegrationTestCase::get() - CORE\src\TestSuite\IntegrationTestCase.php, line 375
App\Test\TestCase\Controller\PagesControllerTest::testDisplay() - ROOT\tests\TestCase\Controller\PagesControllerTest.php, line 50
ReflectionMethod::invokeArgs() - [internal], line ??
PHPUnit_Framework_TestCase::runTest() - ROOT\vendor\phpunit\phpunit\src\Framework\TestCase.php, line 1062
PHPUnit_Framework_TestCase::runBare() - ROOT\vendor\phpunit\phpunit\src\Framework\TestCase.php, line 913
PHPUnit_Framework_TestResult::run() - ROOT\vendor\phpunit\phpunit\src\Framework\TestResult.php, line 686
PHPUnit_Framework_TestCase::run() - ROOT\vendor\phpunit\phpunit\src\Framework\TestCase.php, line 868
PHPUnit_Framework_TestSuite::run() - ROOT\vendor\phpunit\phpunit\src\Framework\TestSuite.php, line 733
PHPUnit_Framework_TestSuite::run() - ROOT\vendor\phpunit\phpunit\src\Framework\TestSuite.php, line 733
PHPUnit_TextUI_TestRunner::doRun() - ROOT\vendor\phpunit\phpunit\src\TextUI\TestRunner.php, line 517
PHPUnit_TextUI_Command::run() - ROOT\vendor\phpunit\phpunit\src\TextUI\Command.php, line 186
PHPUnit_TextUI_Command::main() - ROOT\vendor\phpunit\phpunit\src\TextUI\Command.php, line 116
[main] - ROOT\vendor\phpunit\phpunit\phpunit, line 52



2018-11-07 01:15:54 Notice: Notice (8): Undefined variable: routes in [C:\wamp64\www\GestionDesStages\config\routes.php, line 78]
Trace:
Cake\Error\BaseErrorHandler::handleError() - CORE\src\Error\BaseErrorHandler.php, line 159
include - ROOT\config\routes.php, line 78
Cake\Routing\Router::_loadRoutes() - CORE\src\Routing\Router.php, line 1170
Cake\Routing\Router::url() - CORE\src\Routing\Router.php, line 610
Cake\TestSuite\MiddlewareDispatcher::resolveUrl() - CORE\src\TestSuite\MiddlewareDispatcher.php, line 99
Cake\TestSuite\IntegrationTestCase::_sendRequest() - CORE\src\TestSuite\IntegrationTestCase.php, line 491
Cake\TestSuite\IntegrationTestCase::get() - CORE\src\TestSuite\IntegrationTestCase.php, line 375
App\Test\TestCase\Controller\PagesControllerTest::testMissingTemplate() - ROOT\tests\TestCase\Controller\PagesControllerTest.php, line 64
ReflectionMethod::invokeArgs() - [internal], line ??
PHPUnit_Framework_TestCase::runTest() - ROOT\vendor\phpunit\phpunit\src\Framework\TestCase.php, line 1062
PHPUnit_Framework_TestCase::runBare() - ROOT\vendor\phpunit\phpunit\src\Framework\TestCase.php, line 913
PHPUnit_Framework_TestResult::run() - ROOT\vendor\phpunit\phpunit\src\Framework\TestResult.php, line 686
PHPUnit_Framework_TestCase::run() - ROOT\vendor\phpunit\phpunit\src\Framework\TestCase.php, line 868
PHPUnit_Framework_TestSuite::run() - ROOT\vendor\phpunit\phpunit\src\Framework\TestSuite.php, line 733
PHPUnit_Framework_TestSuite::run() - ROOT\vendor\phpunit\phpunit\src\Framework\TestSuite.php, line 733
PHPUnit_TextUI_TestRunner::doRun() - ROOT\vendor\phpunit\phpunit\src\TextUI\TestRunner.php, line 517
PHPUnit_TextUI_Command::run() - ROOT\vendor\phpunit\phpunit\src\TextUI\Command.php, line 186
PHPUnit_TextUI_Command::main() - ROOT\vendor\phpunit\phpunit\src\TextUI\Command.php, line 116
[main] - ROOT\vendor\phpunit\phpunit\phpunit, line 52



2018-11-07 01:15:54 Notice: Notice (8): Undefined variable: routes in [C:\wamp64\www\GestionDesStages\config\routes.php, line 78]
Trace:
Cake\Error\BaseErrorHandler::handleError() - CORE\src\Error\BaseErrorHandler.php, line 159
include - ROOT\config\routes.php, line 78
Cake\Routing\Router::_loadRoutes() - CORE\src\Routing\Router.php, line 1170
Cake\Routing\Router::url() - CORE\src\Routing\Router.php, line 610
Cake\TestSuite\MiddlewareDispatcher::resolveUrl() - CORE\src\TestSuite\MiddlewareDispatcher.php, line 99
Cake\TestSuite\IntegrationTestCase::_sendRequest() - CORE\src\TestSuite\IntegrationTestCase.php, line 491
Cake\TestSuite\IntegrationTestCase::get() - CORE\src\TestSuite\IntegrationTestCase.php, line 375
App\Test\TestCase\Controller\PagesControllerTest::testMissingTemplateInDebug() - ROOT\tests\TestCase\Controller\PagesControllerTest.php, line 78
ReflectionMethod::invokeArgs() - [internal], line ??
PHPUnit_Framework_TestCase::runTest() - ROOT\vendor\phpunit\phpunit\src\Framework\TestCase.php, line 1062
PHPUnit_Framework_TestCase::runBare() - ROOT\vendor\phpunit\phpunit\src\Framework\TestCase.php, line 913
PHPUnit_Framework_TestResult::run() - ROOT\vendor\phpunit\phpunit\src\Framework\TestResult.php, line 686
PHPUnit_Framework_TestCase::run() - ROOT\vendor\phpunit\phpunit\src\Framework\TestCase.php, line 868
PHPUnit_Framework_TestSuite::run() - ROOT\vendor\phpunit\phpunit\src\Framework\TestSuite.php, line 733
PHPUnit_Framework_TestSuite::run() - ROOT\vendor\phpunit\phpunit\src\Framework\TestSuite.php, line 733
PHPUnit_TextUI_TestRunner::doRun() - ROOT\vendor\phpunit\phpunit\src\TextUI\TestRunner.php, line 517
PHPUnit_TextUI_Command::run() - ROOT\vendor\phpunit\phpunit\src\TextUI\Command.php, line 186
PHPUnit_TextUI_Command::main() - ROOT\vendor\phpunit\phpunit\src\TextUI\Command.php, line 116
[main] - ROOT\vendor\phpunit\phpunit\phpunit, line 52



2018-11-07 01:15:54 Notice: Notice (8): Undefined variable: routes in [C:\wamp64\www\GestionDesStages\config\routes.php, line 78]
Trace:
Cake\Error\BaseErrorHandler::handleError() - CORE\src\Error\BaseErrorHandler.php, line 159
include - ROOT\config\routes.php, line 78
Cake\Routing\Router::_loadRoutes() - CORE\src\Routing\Router.php, line 1170
Cake\Routing\Router::url() - CORE\src\Routing\Router.php, line 610
Cake\TestSuite\MiddlewareDispatcher::resolveUrl() - CORE\src\TestSuite\MiddlewareDispatcher.php, line 99
Cake\TestSuite\IntegrationTestCase::_sendRequest() - CORE\src\TestSuite\IntegrationTestCase.php, line 491
Cake\TestSuite\IntegrationTestCase::get() - CORE\src\TestSuite\IntegrationTestCase.php, line 375
App\Test\TestCase\Controller\PagesControllerTest::testDirectoryTraversalProtection() - ROOT\tests\TestCase\Controller\PagesControllerTest.php, line 93
ReflectionMethod::invokeArgs() - [internal], line ??
PHPUnit_Framework_TestCase::runTest() - ROOT\vendor\phpunit\phpunit\src\Framework\TestCase.php, line 1062
PHPUnit_Framework_TestCase::runBare() - ROOT\vendor\phpunit\phpunit\src\Framework\TestCase.php, line 913
PHPUnit_Framework_TestResult::run() - ROOT\vendor\phpunit\phpunit\src\Framework\TestResult.php, line 686
PHPUnit_Framework_TestCase::run() - ROOT\vendor\phpunit\phpunit\src\Framework\TestCase.php, line 868
PHPUnit_Framework_TestSuite::run() - ROOT\vendor\phpunit\phpunit\src\Framework\TestSuite.php, line 733
PHPUnit_Framework_TestSuite::run() - ROOT\vendor\phpunit\phpunit\src\Framework\TestSuite.php, line 733
PHPUnit_TextUI_TestRunner::doRun() - ROOT\vendor\phpunit\phpunit\src\TextUI\TestRunner.php, line 517
PHPUnit_TextUI_Command::run() - ROOT\vendor\phpunit\phpunit\src\TextUI\Command.php, line 186
PHPUnit_TextUI_Command::main() - ROOT\vendor\phpunit\phpunit\src\TextUI\Command.php, line 116
[main] - ROOT\vendor\phpunit\phpunit\phpunit, line 52



2018-11-07 01:40:33 Notice: Notice (8): Undefined variable: routes in [C:\wamp64\www\GestionDesStages\config\routes.php, line 78]
Trace:
Cake\Error\BaseErrorHandler::handleError() - CORE\src\Error\BaseErrorHandler.php, line 159
include - ROOT\config\routes.php, line 78
Cake\Routing\Router::_loadRoutes() - CORE\src\Routing\Router.php, line 1170
Cake\Routing\Router::url() - CORE\src\Routing\Router.php, line 610
Cake\TestSuite\MiddlewareDispatcher::resolveUrl() - CORE\src\TestSuite\MiddlewareDispatcher.php, line 99
Cake\TestSuite\IntegrationTestCase::_sendRequest() - CORE\src\TestSuite\IntegrationTestCase.php, line 491
Cake\TestSuite\IntegrationTestCase::get() - CORE\src\TestSuite\IntegrationTestCase.php, line 375
App\Test\TestCase\Controller\CompaniesControllerTest::testViewUnauthenticatedFails() - ROOT\tests\TestCase\Controller\CompaniesControllerTest.php, line 41
ReflectionMethod::invokeArgs() - [internal], line ??
PHPUnit_Framework_TestCase::runTest() - ROOT\vendor\phpunit\phpunit\src\Framework\TestCase.php, line 1062
PHPUnit_Framework_TestCase::runBare() - ROOT\vendor\phpunit\phpunit\src\Framework\TestCase.php, line 913
PHPUnit_Framework_TestResult::run() - ROOT\vendor\phpunit\phpunit\src\Framework\TestResult.php, line 686
PHPUnit_Framework_TestCase::run() - ROOT\vendor\phpunit\phpunit\src\Framework\TestCase.php, line 868
PHPUnit_Framework_TestSuite::run() - ROOT\vendor\phpunit\phpunit\src\Framework\TestSuite.php, line 733
PHPUnit_Framework_TestSuite::run() - ROOT\vendor\phpunit\phpunit\src\Framework\TestSuite.php, line 733
PHPUnit_TextUI_TestRunner::doRun() - ROOT\vendor\phpunit\phpunit\src\TextUI\TestRunner.php, line 517
PHPUnit_TextUI_Command::run() - ROOT\vendor\phpunit\phpunit\src\TextUI\Command.php, line 186
PHPUnit_TextUI_Command::main() - ROOT\vendor\phpunit\phpunit\src\TextUI\Command.php, line 116
[main] - ROOT\vendor\phpunit\phpunit\phpunit, line 52



2018-11-07 01:40:33 Notice: Notice (8): Undefined variable: routes in [C:\wamp64\www\GestionDesStages\config\routes.php, line 78]
Trace:
Cake\Error\BaseErrorHandler::handleError() - CORE\src\Error\BaseErrorHandler.php, line 159
include - ROOT\config\routes.php, line 78
Cake\Routing\Router::_loadRoutes() - CORE\src\Routing\Router.php, line 1170
Cake\Routing\Router::url() - CORE\src\Routing\Router.php, line 610
Cake\TestSuite\MiddlewareDispatcher::resolveUrl() - CORE\src\TestSuite\MiddlewareDispatcher.php, line 99
Cake\TestSuite\IntegrationTestCase::_sendRequest() - CORE\src\TestSuite\IntegrationTestCase.php, line 491
Cake\TestSuite\IntegrationTestCase::get() - CORE\src\TestSuite\IntegrationTestCase.php, line 375
App\Test\TestCase\Controller\CompaniesControllerTest::testViewAsMe() - ROOT\tests\TestCase\Controller\CompaniesControllerTest.php, line 62
ReflectionMethod::invokeArgs() - [internal], line ??
PHPUnit_Framework_TestCase::runTest() - ROOT\vendor\phpunit\phpunit\src\Framework\TestCase.php, line 1062
PHPUnit_Framework_TestCase::runBare() - ROOT\vendor\phpunit\phpunit\src\Framework\TestCase.php, line 913
PHPUnit_Framework_TestResult::run() - ROOT\vendor\phpunit\phpunit\src\Framework\TestResult.php, line 686
PHPUnit_Framework_TestCase::run() - ROOT\vendor\phpunit\phpunit\src\Framework\TestCase.php, line 868
PHPUnit_Framework_TestSuite::run() - ROOT\vendor\phpunit\phpunit\src\Framework\TestSuite.php, line 733
PHPUnit_Framework_TestSuite::run() - ROOT\vendor\phpunit\phpunit\src\Framework\TestSuite.php, line 733
PHPUnit_TextUI_TestRunner::doRun() - ROOT\vendor\phpunit\phpunit\src\TextUI\TestRunner.php, line 517
PHPUnit_TextUI_Command::run() - ROOT\vendor\phpunit\phpunit\src\TextUI\Command.php, line 186
PHPUnit_TextUI_Command::main() - ROOT\vendor\phpunit\phpunit\src\TextUI\Command.php, line 116
[main] - ROOT\vendor\phpunit\phpunit\phpunit, line 52



2018-11-07 01:40:33 Notice: Notice (8): Undefined variable: routes in [C:\wamp64\www\GestionDesStages\config\routes.php, line 78]
Trace:
Cake\Error\BaseErrorHandler::handleError() - CORE\src\Error\BaseErrorHandler.php, line 159
include - ROOT\config\routes.php, line 78
Cake\Routing\Router::_loadRoutes() - CORE\src\Routing\Router.php, line 1170
Cake\Routing\Router::url() - CORE\src\Routing\Router.php, line 610
Cake\TestSuite\MiddlewareDispatcher::resolveUrl() - CORE\src\TestSuite\MiddlewareDispatcher.php, line 99
Cake\TestSuite\IntegrationTestCase::_sendRequest() - CORE\src\TestSuite\IntegrationTestCase.php, line 491
Cake\TestSuite\IntegrationTestCase::get() - CORE\src\TestSuite\IntegrationTestCase.php, line 375
App\Test\TestCase\Controller\CompaniesControllerTest::testViewAsOther() - ROOT\tests\TestCase\Controller\CompaniesControllerTest.php, line 82
ReflectionMethod::invokeArgs() - [internal], line ??
PHPUnit_Framework_TestCase::runTest() - ROOT\vendor\phpunit\phpunit\src\Framework\TestCase.php, line 1062
PHPUnit_Framework_TestCase::runBare() - ROOT\vendor\phpunit\phpunit\src\Framework\TestCase.php, line 913
PHPUnit_Framework_TestResult::run() - ROOT\vendor\phpunit\phpunit\src\Framework\TestResult.php, line 686
PHPUnit_Framework_TestCase::run() - ROOT\vendor\phpunit\phpunit\src\Framework\TestCase.php, line 868
PHPUnit_Framework_TestSuite::run() - ROOT\vendor\phpunit\phpunit\src\Framework\TestSuite.php, line 733
PHPUnit_Framework_TestSuite::run() - ROOT\vendor\phpunit\phpunit\src\Framework\TestSuite.php, line 733
PHPUnit_TextUI_TestRunner::doRun() - ROOT\vendor\phpunit\phpunit\src\TextUI\TestRunner.php, line 517
PHPUnit_TextUI_Command::run() - ROOT\vendor\phpunit\phpunit\src\TextUI\Command.php, line 186
PHPUnit_TextUI_Command::main() - ROOT\vendor\phpunit\phpunit\src\TextUI\Command.php, line 116
[main] - ROOT\vendor\phpunit\phpunit\phpunit, line 52



2018-11-07 01:40:33 Notice: Notice (8): Undefined variable: routes in [C:\wamp64\www\GestionDesStages\config\routes.php, line 78]
Trace:
Cake\Error\BaseErrorHandler::handleError() - CORE\src\Error\BaseErrorHandler.php, line 159
include - ROOT\config\routes.php, line 78
Cake\Routing\Router::_loadRoutes() - CORE\src\Routing\Router.php, line 1170
Cake\Routing\Router::url() - CORE\src\Routing\Router.php, line 610
Cake\TestSuite\MiddlewareDispatcher::resolveUrl() - CORE\src\TestSuite\MiddlewareDispatcher.php, line 99
Cake\TestSuite\IntegrationTestCase::_sendRequest() - CORE\src\TestSuite\IntegrationTestCase.php, line 491
Cake\TestSuite\IntegrationTestCase::get() - CORE\src\TestSuite\IntegrationTestCase.php, line 375
App\Test\TestCase\Controller\CompaniesControllerTest::testViewAsAdmin() - ROOT\tests\TestCase\Controller\CompaniesControllerTest.php, line 99
ReflectionMethod::invokeArgs() - [internal], line ??
PHPUnit_Framework_TestCase::runTest() - ROOT\vendor\phpunit\phpunit\src\Framework\TestCase.php, line 1062
PHPUnit_Framework_TestCase::runBare() - ROOT\vendor\phpunit\phpunit\src\Framework\TestCase.php, line 913
PHPUnit_Framework_TestResult::run() - ROOT\vendor\phpunit\phpunit\src\Framework\TestResult.php, line 686
PHPUnit_Framework_TestCase::run() - ROOT\vendor\phpunit\phpunit\src\Framework\TestCase.php, line 868
PHPUnit_Framework_TestSuite::run() - ROOT\vendor\phpunit\phpunit\src\Framework\TestSuite.php, line 733
PHPUnit_Framework_TestSuite::run() - ROOT\vendor\phpunit\phpunit\src\Framework\TestSuite.php, line 733
PHPUnit_TextUI_TestRunner::doRun() - ROOT\vendor\phpunit\phpunit\src\TextUI\TestRunner.php, line 517
PHPUnit_TextUI_Command::run() - ROOT\vendor\phpunit\phpunit\src\TextUI\Command.php, line 186
PHPUnit_TextUI_Command::main() - ROOT\vendor\phpunit\phpunit\src\TextUI\Command.php, line 116
[main] - ROOT\vendor\phpunit\phpunit\phpunit, line 52



2018-11-07 01:40:38 Notice: Notice (8): Undefined variable: routes in [C:\wamp64\www\GestionDesStages\config\routes.php, line 78]
Trace:
Cake\Error\BaseErrorHandler::handleError() - CORE\src\Error\BaseErrorHandler.php, line 159
include - ROOT\config\routes.php, line 78
Cake\Routing\Router::_loadRoutes() - CORE\src\Routing\Router.php, line 1170
Cake\Routing\Router::url() - CORE\src\Routing\Router.php, line 610
Cake\TestSuite\MiddlewareDispatcher::resolveUrl() - CORE\src\TestSuite\MiddlewareDispatcher.php, line 99
Cake\TestSuite\IntegrationTestCase::_sendRequest() - CORE\src\TestSuite\IntegrationTestCase.php, line 491
Cake\TestSuite\IntegrationTestCase::get() - CORE\src\TestSuite\IntegrationTestCase.php, line 375
App\Test\TestCase\Controller\PagesControllerTest::testMultipleGet() - ROOT\tests\TestCase\Controller\PagesControllerTest.php, line 37
ReflectionMethod::invokeArgs() - [internal], line ??
PHPUnit_Framework_TestCase::runTest() - ROOT\vendor\phpunit\phpunit\src\Framework\TestCase.php, line 1062
PHPUnit_Framework_TestCase::runBare() - ROOT\vendor\phpunit\phpunit\src\Framework\TestCase.php, line 913
PHPUnit_Framework_TestResult::run() - ROOT\vendor\phpunit\phpunit\src\Framework\TestResult.php, line 686
PHPUnit_Framework_TestCase::run() - ROOT\vendor\phpunit\phpunit\src\Framework\TestCase.php, line 868
PHPUnit_Framework_TestSuite::run() - ROOT\vendor\phpunit\phpunit\src\Framework\TestSuite.php, line 733
PHPUnit_Framework_TestSuite::run() - ROOT\vendor\phpunit\phpunit\src\Framework\TestSuite.php, line 733
PHPUnit_TextUI_TestRunner::doRun() - ROOT\vendor\phpunit\phpunit\src\TextUI\TestRunner.php, line 517
PHPUnit_TextUI_Command::run() - ROOT\vendor\phpunit\phpunit\src\TextUI\Command.php, line 186
PHPUnit_TextUI_Command::main() - ROOT\vendor\phpunit\phpunit\src\TextUI\Command.php, line 116
[main] - ROOT\vendor\phpunit\phpunit\phpunit, line 52



2018-11-07 01:40:38 Notice: Notice (8): Undefined variable: routes in [C:\wamp64\www\GestionDesStages\config\routes.php, line 78]
Trace:
Cake\Error\BaseErrorHandler::handleError() - CORE\src\Error\BaseErrorHandler.php, line 159
include - ROOT\config\routes.php, line 78
Cake\Routing\Router::_loadRoutes() - CORE\src\Routing\Router.php, line 1170
Cake\Routing\Router::url() - CORE\src\Routing\Router.php, line 610
Cake\TestSuite\MiddlewareDispatcher::resolveUrl() - CORE\src\TestSuite\MiddlewareDispatcher.php, line 99
Cake\TestSuite\IntegrationTestCase::_sendRequest() - CORE\src\TestSuite\IntegrationTestCase.php, line 491
Cake\TestSuite\IntegrationTestCase::get() - CORE\src\TestSuite\IntegrationTestCase.php, line 375
App\Test\TestCase\Controller\PagesControllerTest::testDisplay() - ROOT\tests\TestCase\Controller\PagesControllerTest.php, line 50
ReflectionMethod::invokeArgs() - [internal], line ??
PHPUnit_Framework_TestCase::runTest() - ROOT\vendor\phpunit\phpunit\src\Framework\TestCase.php, line 1062
PHPUnit_Framework_TestCase::runBare() - ROOT\vendor\phpunit\phpunit\src\Framework\TestCase.php, line 913
PHPUnit_Framework_TestResult::run() - ROOT\vendor\phpunit\phpunit\src\Framework\TestResult.php, line 686
PHPUnit_Framework_TestCase::run() - ROOT\vendor\phpunit\phpunit\src\Framework\TestCase.php, line 868
PHPUnit_Framework_TestSuite::run() - ROOT\vendor\phpunit\phpunit\src\Framework\TestSuite.php, line 733
PHPUnit_Framework_TestSuite::run() - ROOT\vendor\phpunit\phpunit\src\Framework\TestSuite.php, line 733
PHPUnit_TextUI_TestRunner::doRun() - ROOT\vendor\phpunit\phpunit\src\TextUI\TestRunner.php, line 517
PHPUnit_TextUI_Command::run() - ROOT\vendor\phpunit\phpunit\src\TextUI\Command.php, line 186
PHPUnit_TextUI_Command::main() - ROOT\vendor\phpunit\phpunit\src\TextUI\Command.php, line 116
[main] - ROOT\vendor\phpunit\phpunit\phpunit, line 52



2018-11-07 01:40:38 Notice: Notice (8): Undefined variable: routes in [C:\wamp64\www\GestionDesStages\config\routes.php, line 78]
Trace:
Cake\Error\BaseErrorHandler::handleError() - CORE\src\Error\BaseErrorHandler.php, line 159
include - ROOT\config\routes.php, line 78
Cake\Routing\Router::_loadRoutes() - CORE\src\Routing\Router.php, line 1170
Cake\Routing\Router::url() - CORE\src\Routing\Router.php, line 610
Cake\TestSuite\MiddlewareDispatcher::resolveUrl() - CORE\src\TestSuite\MiddlewareDispatcher.php, line 99
Cake\TestSuite\IntegrationTestCase::_sendRequest() - CORE\src\TestSuite\IntegrationTestCase.php, line 491
Cake\TestSuite\IntegrationTestCase::get() - CORE\src\TestSuite\IntegrationTestCase.php, line 375
App\Test\TestCase\Controller\PagesControllerTest::testMissingTemplate() - ROOT\tests\TestCase\Controller\PagesControllerTest.php, line 64
ReflectionMethod::invokeArgs() - [internal], line ??
PHPUnit_Framework_TestCase::runTest() - ROOT\vendor\phpunit\phpunit\src\Framework\TestCase.php, line 1062
PHPUnit_Framework_TestCase::runBare() - ROOT\vendor\phpunit\phpunit\src\Framework\TestCase.php, line 913
PHPUnit_Framework_TestResult::run() - ROOT\vendor\phpunit\phpunit\src\Framework\TestResult.php, line 686
PHPUnit_Framework_TestCase::run() - ROOT\vendor\phpunit\phpunit\src\Framework\TestCase.php, line 868
PHPUnit_Framework_TestSuite::run() - ROOT\vendor\phpunit\phpunit\src\Framework\TestSuite.php, line 733
PHPUnit_Framework_TestSuite::run() - ROOT\vendor\phpunit\phpunit\src\Framework\TestSuite.php, line 733
PHPUnit_TextUI_TestRunner::doRun() - ROOT\vendor\phpunit\phpunit\src\TextUI\TestRunner.php, line 517
PHPUnit_TextUI_Command::run() - ROOT\vendor\phpunit\phpunit\src\TextUI\Command.php, line 186
PHPUnit_TextUI_Command::main() - ROOT\vendor\phpunit\phpunit\src\TextUI\Command.php, line 116
[main] - ROOT\vendor\phpunit\phpunit\phpunit, line 52



2018-11-07 01:40:38 Notice: Notice (8): Undefined variable: routes in [C:\wamp64\www\GestionDesStages\config\routes.php, line 78]
Trace:
Cake\Error\BaseErrorHandler::handleError() - CORE\src\Error\BaseErrorHandler.php, line 159
include - ROOT\config\routes.php, line 78
Cake\Routing\Router::_loadRoutes() - CORE\src\Routing\Router.php, line 1170
Cake\Routing\Router::url() - CORE\src\Routing\Router.php, line 610
Cake\TestSuite\MiddlewareDispatcher::resolveUrl() - CORE\src\TestSuite\MiddlewareDispatcher.php, line 99
Cake\TestSuite\IntegrationTestCase::_sendRequest() - CORE\src\TestSuite\IntegrationTestCase.php, line 491
Cake\TestSuite\IntegrationTestCase::get() - CORE\src\TestSuite\IntegrationTestCase.php, line 375
App\Test\TestCase\Controller\PagesControllerTest::testMissingTemplateInDebug() - ROOT\tests\TestCase\Controller\PagesControllerTest.php, line 78
ReflectionMethod::invokeArgs() - [internal], line ??
PHPUnit_Framework_TestCase::runTest() - ROOT\vendor\phpunit\phpunit\src\Framework\TestCase.php, line 1062
PHPUnit_Framework_TestCase::runBare() - ROOT\vendor\phpunit\phpunit\src\Framework\TestCase.php, line 913
PHPUnit_Framework_TestResult::run() - ROOT\vendor\phpunit\phpunit\src\Framework\TestResult.php, line 686
PHPUnit_Framework_TestCase::run() - ROOT\vendor\phpunit\phpunit\src\Framework\TestCase.php, line 868
PHPUnit_Framework_TestSuite::run() - ROOT\vendor\phpunit\phpunit\src\Framework\TestSuite.php, line 733
PHPUnit_Framework_TestSuite::run() - ROOT\vendor\phpunit\phpunit\src\Framework\TestSuite.php, line 733
PHPUnit_TextUI_TestRunner::doRun() - ROOT\vendor\phpunit\phpunit\src\TextUI\TestRunner.php, line 517
PHPUnit_TextUI_Command::run() - ROOT\vendor\phpunit\phpunit\src\TextUI\Command.php, line 186
PHPUnit_TextUI_Command::main() - ROOT\vendor\phpunit\phpunit\src\TextUI\Command.php, line 116
[main] - ROOT\vendor\phpunit\phpunit\phpunit, line 52



2018-11-07 01:40:38 Notice: Notice (8): Undefined variable: routes in [C:\wamp64\www\GestionDesStages\config\routes.php, line 78]
Trace:
Cake\Error\BaseErrorHandler::handleError() - CORE\src\Error\BaseErrorHandler.php, line 159
include - ROOT\config\routes.php, line 78
Cake\Routing\Router::_loadRoutes() - CORE\src\Routing\Router.php, line 1170
Cake\Routing\Router::url() - CORE\src\Routing\Router.php, line 610
Cake\TestSuite\MiddlewareDispatcher::resolveUrl() - CORE\src\TestSuite\MiddlewareDispatcher.php, line 99
Cake\TestSuite\IntegrationTestCase::_sendRequest() - CORE\src\TestSuite\IntegrationTestCase.php, line 491
Cake\TestSuite\IntegrationTestCase::get() - CORE\src\TestSuite\IntegrationTestCase.php, line 375
App\Test\TestCase\Controller\PagesControllerTest::testDirectoryTraversalProtection() - ROOT\tests\TestCase\Controller\PagesControllerTest.php, line 93
ReflectionMethod::invokeArgs() - [internal], line ??
PHPUnit_Framework_TestCase::runTest() - ROOT\vendor\phpunit\phpunit\src\Framework\TestCase.php, line 1062
PHPUnit_Framework_TestCase::runBare() - ROOT\vendor\phpunit\phpunit\src\Framework\TestCase.php, line 913
PHPUnit_Framework_TestResult::run() - ROOT\vendor\phpunit\phpunit\src\Framework\TestResult.php, line 686
PHPUnit_Framework_TestCase::run() - ROOT\vendor\phpunit\phpunit\src\Framework\TestCase.php, line 868
PHPUnit_Framework_TestSuite::run() - ROOT\vendor\phpunit\phpunit\src\Framework\TestSuite.php, line 733
PHPUnit_Framework_TestSuite::run() - ROOT\vendor\phpunit\phpunit\src\Framework\TestSuite.php, line 733
PHPUnit_TextUI_TestRunner::doRun() - ROOT\vendor\phpunit\phpunit\src\TextUI\TestRunner.php, line 517
PHPUnit_TextUI_Command::run() - ROOT\vendor\phpunit\phpunit\src\TextUI\Command.php, line 186
PHPUnit_TextUI_Command::main() - ROOT\vendor\phpunit\phpunit\src\TextUI\Command.php, line 116
[main] - ROOT\vendor\phpunit\phpunit\phpunit, line 52



2018-11-07 01:41:16 Notice: Notice (8): Undefined index: active in [C:\wamp64\www\GestionDesStages\src\Controller\CompaniesController.php, line 43]
Request URL: /companies/view/1
Trace:
Cake\Error\BaseErrorHandler::handleError() - CORE\src\Error\BaseErrorHandler.php, line 159
App\Controller\CompaniesController::beforeFilter() - APP/Controller\CompaniesController.php, line 43
Cake\Event\EventManager::_callListener() - CORE\src\Event\EventManager.php, line 353
Cake\Event\EventManager::dispatch() - CORE\src\Event\EventManager.php, line 330
Cake\Controller\Controller::dispatchEvent() - CORE\src\Event\EventDispatcherTrait.php, line 114
Cake\Controller\Controller::startupProcess() - CORE\src\Controller\Controller.php, line 658
Cake\Http\ActionDispatcher::_invoke() - CORE\src\Http\ActionDispatcher.php, line 115
Cake\Http\ActionDispatcher::dispatch() - CORE\src\Http\ActionDispatcher.php, line 94
Cake\Http\BaseApplication::__invoke() - CORE\src\Http\BaseApplication.php, line 235
Cake\Http\Runner::__invoke() - CORE\src\Http\Runner.php, line 65
Cake\Http\Middleware\CsrfProtectionMiddleware::__invoke() - CORE\src\Http\Middleware\CsrfProtectionMiddleware.php, line 103
Cake\Http\Runner::__invoke() - CORE\src\Http\Runner.php, line 65
Cake\Routing\Middleware\RoutingMiddleware::__invoke() - CORE\src\Routing\Middleware\RoutingMiddleware.php, line 156
Cake\Http\Runner::__invoke() - CORE\src\Http\Runner.php, line 65
Cake\Routing\Middleware\AssetMiddleware::__invoke() - CORE\src\Routing\Middleware\AssetMiddleware.php, line 88
Cake\Http\Runner::__invoke() - CORE\src\Http\Runner.php, line 65
Cake\Error\Middleware\ErrorHandlerMiddleware::__invoke() - CORE\src\Error\Middleware\ErrorHandlerMiddleware.php, line 98
Cake\Http\Runner::__invoke() - CORE\src\Http\Runner.php, line 65
Cake\Http\Runner::run() - CORE\src\Http\Runner.php, line 51
Cake\Http\Server::run() - CORE\src\Http\Server.php, line 98
Cake\TestSuite\MiddlewareDispatcher::execute() - CORE\src\TestSuite\MiddlewareDispatcher.php, line 149
Cake\TestSuite\IntegrationTestCase::_sendRequest() - CORE\src\TestSuite\IntegrationTestCase.php, line 495
Cake\TestSuite\IntegrationTestCase::get() - CORE\src\TestSuite\IntegrationTestCase.php, line 375
App\Test\TestCase\Controller\CompaniesControllerTest::testViewAsMe() - ROOT\tests\TestCase\Controller\CompaniesControllerTest.php, line 62
ReflectionMethod::invokeArgs() - [internal], line ??
PHPUnit_Framework_TestCase::runTest() - ROOT\vendor\phpunit\phpunit\src\Framework\TestCase.php, line 1062
PHPUnit_Framework_TestCase::runBare() - ROOT\vendor\phpunit\phpunit\src\Framework\TestCase.php, line 913
PHPUnit_Framework_TestResult::run() - ROOT\vendor\phpunit\phpunit\src\Framework\TestResult.php, line 686
PHPUnit_Framework_TestCase::run() - ROOT\vendor\phpunit\phpunit\src\Framework\TestCase.php, line 868
PHPUnit_Framework_TestSuite::run() - ROOT\vendor\phpunit\phpunit\src\Framework\TestSuite.php, line 733
PHPUnit_Framework_TestSuite::run() - ROOT\vendor\phpunit\phpunit\src\Framework\TestSuite.php, line 733
PHPUnit_TextUI_TestRunner::doRun() - ROOT\vendor\phpunit\phpunit\src\TextUI\TestRunner.php, line 517
PHPUnit_TextUI_Command::run() - ROOT\vendor\phpunit\phpunit\src\TextUI\Command.php, line 186
PHPUnit_TextUI_Command::main() - ROOT\vendor\phpunit\phpunit\src\TextUI\Command.php, line 116
[main] - ROOT\vendor\phpunit\phpunit\phpunit, line 52



2018-11-07 01:41:16 Notice: Deprecated (16384): Accessing `params` as a property will be removed in 4.0.0. Use request->getParam() instead. - C:\wamp64\www\GestionDesStages\src\Controller\CompaniesController.php, line: 83
 You can disable deprecation warnings by setting `Error.errorLevel` to `E_ALL & ~E_USER_DEPRECATED` in your config/app.php. in [C:\wamp64\www\GestionDesStages\vendor\cakephp\cakephp\src\Core\functions.php, line 310]
Request URL: /companies/view/1
Trace:
Cake\Error\BaseErrorHandler::handleError() - CORE\src\Error\BaseErrorHandler.php, line 159
deprecationWarning - CORE\src\Core\functions.php, line 310
Cake\Http\ServerRequest::__get() - CORE\src\Http\ServerRequest.php, line 684
App\Controller\CompaniesController::canView() - APP/Controller\CompaniesController.php, line 83
App\Controller\CompaniesController::view() - APP/Controller\CompaniesController.php, line 65
Cake\Controller\Controller::invokeAction() - CORE\src\Controller\Controller.php, line 596
Cake\Http\ActionDispatcher::_invoke() - CORE\src\Http\ActionDispatcher.php, line 120
Cake\Http\ActionDispatcher::dispatch() - CORE\src\Http\ActionDispatcher.php, line 94
Cake\Http\BaseApplication::__invoke() - CORE\src\Http\BaseApplication.php, line 235
Cake\Http\Runner::__invoke() - CORE\src\Http\Runner.php, line 65
Cake\Http\Middleware\CsrfProtectionMiddleware::__invoke() - CORE\src\Http\Middleware\CsrfProtectionMiddleware.php, line 103
Cake\Http\Runner::__invoke() - CORE\src\Http\Runner.php, line 65
Cake\Routing\Middleware\RoutingMiddleware::__invoke() - CORE\src\Routing\Middleware\RoutingMiddleware.php, line 156
Cake\Http\Runner::__invoke() - CORE\src\Http\Runner.php, line 65
Cake\Routing\Middleware\AssetMiddleware::__invoke() - CORE\src\Routing\Middleware\AssetMiddleware.php, line 88
Cake\Http\Runner::__invoke() - CORE\src\Http\Runner.php, line 65
Cake\Error\Middleware\ErrorHandlerMiddleware::__invoke() - CORE\src\Error\Middleware\ErrorHandlerMiddleware.php, line 98
Cake\Http\Runner::__invoke() - CORE\src\Http\Runner.php, line 65
Cake\Http\Runner::run() - CORE\src\Http\Runner.php, line 51
Cake\Http\Server::run() - CORE\src\Http\Server.php, line 98
Cake\TestSuite\MiddlewareDispatcher::execute() - CORE\src\TestSuite\MiddlewareDispatcher.php, line 149
Cake\TestSuite\IntegrationTestCase::_sendRequest() - CORE\src\TestSuite\IntegrationTestCase.php, line 495
Cake\TestSuite\IntegrationTestCase::get() - CORE\src\TestSuite\IntegrationTestCase.php, line 375
App\Test\TestCase\Controller\CompaniesControllerTest::testViewAsMe() - ROOT\tests\TestCase\Controller\CompaniesControllerTest.php, line 62
ReflectionMethod::invokeArgs() - [internal], line ??
PHPUnit_Framework_TestCase::runTest() - ROOT\vendor\phpunit\phpunit\src\Framework\TestCase.php, line 1062
PHPUnit_Framework_TestCase::runBare() - ROOT\vendor\phpunit\phpunit\src\Framework\TestCase.php, line 913
PHPUnit_Framework_TestResult::run() - ROOT\vendor\phpunit\phpunit\src\Framework\TestResult.php, line 686
PHPUnit_Framework_TestCase::run() - ROOT\vendor\phpunit\phpunit\src\Framework\TestCase.php, line 868
PHPUnit_Framework_TestSuite::run() - ROOT\vendor\phpunit\phpunit\src\Framework\TestSuite.php, line 733
PHPUnit_Framework_TestSuite::run() - ROOT\vendor\phpunit\phpunit\src\Framework\TestSuite.php, line 733
PHPUnit_TextUI_TestRunner::doRun() - ROOT\vendor\phpunit\phpunit\src\TextUI\TestRunner.php, line 517
PHPUnit_TextUI_Command::run() - ROOT\vendor\phpunit\phpunit\src\TextUI\Command.php, line 186
PHPUnit_TextUI_Command::main() - ROOT\vendor\phpunit\phpunit\src\TextUI\Command.php, line 116
[main] - ROOT\vendor\phpunit\phpunit\phpunit, line 52



2018-11-07 01:41:17 Notice: Notice (8): Undefined index: active in [C:\wamp64\www\GestionDesStages\src\Controller\CompaniesController.php, line 43]
Request URL: /companies/view/2
Trace:
Cake\Error\BaseErrorHandler::handleError() - CORE\src\Error\BaseErrorHandler.php, line 159
App\Controller\CompaniesController::beforeFilter() - APP/Controller\CompaniesController.php, line 43
Cake\Event\EventManager::_callListener() - CORE\src\Event\EventManager.php, line 353
Cake\Event\EventManager::dispatch() - CORE\src\Event\EventManager.php, line 330
Cake\Controller\Controller::dispatchEvent() - CORE\src\Event\EventDispatcherTrait.php, line 114
Cake\Controller\Controller::startupProcess() - CORE\src\Controller\Controller.php, line 658
Cake\Http\ActionDispatcher::_invoke() - CORE\src\Http\ActionDispatcher.php, line 115
Cake\Http\ActionDispatcher::dispatch() - CORE\src\Http\ActionDispatcher.php, line 94
Cake\Http\BaseApplication::__invoke() - CORE\src\Http\BaseApplication.php, line 235
Cake\Http\Runner::__invoke() - CORE\src\Http\Runner.php, line 65
Cake\Http\Middleware\CsrfProtectionMiddleware::__invoke() - CORE\src\Http\Middleware\CsrfProtectionMiddleware.php, line 103
Cake\Http\Runner::__invoke() - CORE\src\Http\Runner.php, line 65
Cake\Routing\Middleware\RoutingMiddleware::__invoke() - CORE\src\Routing\Middleware\RoutingMiddleware.php, line 156
Cake\Http\Runner::__invoke() - CORE\src\Http\Runner.php, line 65
Cake\Routing\Middleware\AssetMiddleware::__invoke() - CORE\src\Routing\Middleware\AssetMiddleware.php, line 88
Cake\Http\Runner::__invoke() - CORE\src\Http\Runner.php, line 65
Cake\Error\Middleware\ErrorHandlerMiddleware::__invoke() - CORE\src\Error\Middleware\ErrorHandlerMiddleware.php, line 98
Cake\Http\Runner::__invoke() - CORE\src\Http\Runner.php, line 65
Cake\Http\Runner::run() - CORE\src\Http\Runner.php, line 51
Cake\Http\Server::run() - CORE\src\Http\Server.php, line 98
Cake\TestSuite\MiddlewareDispatcher::execute() - CORE\src\TestSuite\MiddlewareDispatcher.php, line 149
Cake\TestSuite\IntegrationTestCase::_sendRequest() - CORE\src\TestSuite\IntegrationTestCase.php, line 495
Cake\TestSuite\IntegrationTestCase::get() - CORE\src\TestSuite\IntegrationTestCase.php, line 375
App\Test\TestCase\Controller\CompaniesControllerTest::testViewAsOther() - ROOT\tests\TestCase\Controller\CompaniesControllerTest.php, line 82
ReflectionMethod::invokeArgs() - [internal], line ??
PHPUnit_Framework_TestCase::runTest() - ROOT\vendor\phpunit\phpunit\src\Framework\TestCase.php, line 1062
PHPUnit_Framework_TestCase::runBare() - ROOT\vendor\phpunit\phpunit\src\Framework\TestCase.php, line 913
PHPUnit_Framework_TestResult::run() - ROOT\vendor\phpunit\phpunit\src\Framework\TestResult.php, line 686
PHPUnit_Framework_TestCase::run() - ROOT\vendor\phpunit\phpunit\src\Framework\TestCase.php, line 868
PHPUnit_Framework_TestSuite::run() - ROOT\vendor\phpunit\phpunit\src\Framework\TestSuite.php, line 733
PHPUnit_Framework_TestSuite::run() - ROOT\vendor\phpunit\phpunit\src\Framework\TestSuite.php, line 733
PHPUnit_TextUI_TestRunner::doRun() - ROOT\vendor\phpunit\phpunit\src\TextUI\TestRunner.php, line 517
PHPUnit_TextUI_Command::run() - ROOT\vendor\phpunit\phpunit\src\TextUI\Command.php, line 186
PHPUnit_TextUI_Command::main() - ROOT\vendor\phpunit\phpunit\src\TextUI\Command.php, line 116
[main] - ROOT\vendor\phpunit\phpunit\phpunit, line 52



2018-11-07 01:41:17 Notice: Deprecated (16384): Accessing `params` as a property will be removed in 4.0.0. Use request->getParam() instead. - C:\wamp64\www\GestionDesStages\src\Controller\CompaniesController.php, line: 83
 You can disable deprecation warnings by setting `Error.errorLevel` to `E_ALL & ~E_USER_DEPRECATED` in your config/app.php. in [C:\wamp64\www\GestionDesStages\vendor\cakephp\cakephp\src\Core\functions.php, line 310]
Request URL: /companies/view/2
Trace:
Cake\Error\BaseErrorHandler::handleError() - CORE\src\Error\BaseErrorHandler.php, line 159
deprecationWarning - CORE\src\Core\functions.php, line 310
Cake\Http\ServerRequest::__get() - CORE\src\Http\ServerRequest.php, line 684
App\Controller\CompaniesController::canView() - APP/Controller\CompaniesController.php, line 83
App\Controller\CompaniesController::view() - APP/Controller\CompaniesController.php, line 65
Cake\Controller\Controller::invokeAction() - CORE\src\Controller\Controller.php, line 596
Cake\Http\ActionDispatcher::_invoke() - CORE\src\Http\ActionDispatcher.php, line 120
Cake\Http\ActionDispatcher::dispatch() - CORE\src\Http\ActionDispatcher.php, line 94
Cake\Http\BaseApplication::__invoke() - CORE\src\Http\BaseApplication.php, line 235
Cake\Http\Runner::__invoke() - CORE\src\Http\Runner.php, line 65
Cake\Http\Middleware\CsrfProtectionMiddleware::__invoke() - CORE\src\Http\Middleware\CsrfProtectionMiddleware.php, line 103
Cake\Http\Runner::__invoke() - CORE\src\Http\Runner.php, line 65
Cake\Routing\Middleware\RoutingMiddleware::__invoke() - CORE\src\Routing\Middleware\RoutingMiddleware.php, line 156
Cake\Http\Runner::__invoke() - CORE\src\Http\Runner.php, line 65
Cake\Routing\Middleware\AssetMiddleware::__invoke() - CORE\src\Routing\Middleware\AssetMiddleware.php, line 88
Cake\Http\Runner::__invoke() - CORE\src\Http\Runner.php, line 65
Cake\Error\Middleware\ErrorHandlerMiddleware::__invoke() - CORE\src\Error\Middleware\ErrorHandlerMiddleware.php, line 98
Cake\Http\Runner::__invoke() - CORE\src\Http\Runner.php, line 65
Cake\Http\Runner::run() - CORE\src\Http\Runner.php, line 51
Cake\Http\Server::run() - CORE\src\Http\Server.php, line 98
Cake\TestSuite\MiddlewareDispatcher::execute() - CORE\src\TestSuite\MiddlewareDispatcher.php, line 149
Cake\TestSuite\IntegrationTestCase::_sendRequest() - CORE\src\TestSuite\IntegrationTestCase.php, line 495
Cake\TestSuite\IntegrationTestCase::get() - CORE\src\TestSuite\IntegrationTestCase.php, line 375
App\Test\TestCase\Controller\CompaniesControllerTest::testViewAsOther() - ROOT\tests\TestCase\Controller\CompaniesControllerTest.php, line 82
ReflectionMethod::invokeArgs() - [internal], line ??
PHPUnit_Framework_TestCase::runTest() - ROOT\vendor\phpunit\phpunit\src\Framework\TestCase.php, line 1062
PHPUnit_Framework_TestCase::runBare() - ROOT\vendor\phpunit\phpunit\src\Framework\TestCase.php, line 913
PHPUnit_Framework_TestResult::run() - ROOT\vendor\phpunit\phpunit\src\Framework\TestResult.php, line 686
PHPUnit_Framework_TestCase::run() - ROOT\vendor\phpunit\phpunit\src\Framework\TestCase.php, line 868
PHPUnit_Framework_TestSuite::run() - ROOT\vendor\phpunit\phpunit\src\Framework\TestSuite.php, line 733
PHPUnit_Framework_TestSuite::run() - ROOT\vendor\phpunit\phpunit\src\Framework\TestSuite.php, line 733
PHPUnit_TextUI_TestRunner::doRun() - ROOT\vendor\phpunit\phpunit\src\TextUI\TestRunner.php, line 517
PHPUnit_TextUI_Command::run() - ROOT\vendor\phpunit\phpunit\src\TextUI\Command.php, line 186
PHPUnit_TextUI_Command::main() - ROOT\vendor\phpunit\phpunit\src\TextUI\Command.php, line 116
[main] - ROOT\vendor\phpunit\phpunit\phpunit, line 52



2018-11-07 01:43:33 Notice: Notice (8): Undefined index: active in [C:\wamp64\www\GestionDesStages\src\Controller\CompaniesController.php, line 43]
Request URL: /companies/view/1
Trace:
Cake\Error\BaseErrorHandler::handleError() - CORE\src\Error\BaseErrorHandler.php, line 159
App\Controller\CompaniesController::beforeFilter() - APP/Controller\CompaniesController.php, line 43
Cake\Event\EventManager::_callListener() - CORE\src\Event\EventManager.php, line 353
Cake\Event\EventManager::dispatch() - CORE\src\Event\EventManager.php, line 330
Cake\Controller\Controller::dispatchEvent() - CORE\src\Event\EventDispatcherTrait.php, line 114
Cake\Controller\Controller::startupProcess() - CORE\src\Controller\Controller.php, line 658
Cake\Http\ActionDispatcher::_invoke() - CORE\src\Http\ActionDispatcher.php, line 115
Cake\Http\ActionDispatcher::dispatch() - CORE\src\Http\ActionDispatcher.php, line 94
Cake\Http\BaseApplication::__invoke() - CORE\src\Http\BaseApplication.php, line 235
Cake\Http\Runner::__invoke() - CORE\src\Http\Runner.php, line 65
Cake\Http\Middleware\CsrfProtectionMiddleware::__invoke() - CORE\src\Http\Middleware\CsrfProtectionMiddleware.php, line 103
Cake\Http\Runner::__invoke() - CORE\src\Http\Runner.php, line 65
Cake\Routing\Middleware\RoutingMiddleware::__invoke() - CORE\src\Routing\Middleware\RoutingMiddleware.php, line 156
Cake\Http\Runner::__invoke() - CORE\src\Http\Runner.php, line 65
Cake\Routing\Middleware\AssetMiddleware::__invoke() - CORE\src\Routing\Middleware\AssetMiddleware.php, line 88
Cake\Http\Runner::__invoke() - CORE\src\Http\Runner.php, line 65
Cake\Error\Middleware\ErrorHandlerMiddleware::__invoke() - CORE\src\Error\Middleware\ErrorHandlerMiddleware.php, line 98
Cake\Http\Runner::__invoke() - CORE\src\Http\Runner.php, line 65
Cake\Http\Runner::run() - CORE\src\Http\Runner.php, line 51
Cake\Http\Server::run() - CORE\src\Http\Server.php, line 98
Cake\TestSuite\MiddlewareDispatcher::execute() - CORE\src\TestSuite\MiddlewareDispatcher.php, line 149
Cake\TestSuite\IntegrationTestCase::_sendRequest() - CORE\src\TestSuite\IntegrationTestCase.php, line 495
Cake\TestSuite\IntegrationTestCase::get() - CORE\src\TestSuite\IntegrationTestCase.php, line 375
App\Test\TestCase\Controller\CompaniesControllerTest::testViewAsMe() - ROOT\tests\TestCase\Controller\CompaniesControllerTest.php, line 62
ReflectionMethod::invokeArgs() - [internal], line ??
PHPUnit_Framework_TestCase::runTest() - ROOT\vendor\phpunit\phpunit\src\Framework\TestCase.php, line 1062
PHPUnit_Framework_TestCase::runBare() - ROOT\vendor\phpunit\phpunit\src\Framework\TestCase.php, line 913
PHPUnit_Framework_TestResult::run() - ROOT\vendor\phpunit\phpunit\src\Framework\TestResult.php, line 686
PHPUnit_Framework_TestCase::run() - ROOT\vendor\phpunit\phpunit\src\Framework\TestCase.php, line 868
PHPUnit_Framework_TestSuite::run() - ROOT\vendor\phpunit\phpunit\src\Framework\TestSuite.php, line 733
PHPUnit_Framework_TestSuite::run() - ROOT\vendor\phpunit\phpunit\src\Framework\TestSuite.php, line 733
PHPUnit_TextUI_TestRunner::doRun() - ROOT\vendor\phpunit\phpunit\src\TextUI\TestRunner.php, line 517
PHPUnit_TextUI_Command::run() - ROOT\vendor\phpunit\phpunit\src\TextUI\Command.php, line 186
PHPUnit_TextUI_Command::main() - ROOT\vendor\phpunit\phpunit\src\TextUI\Command.php, line 116
[main] - ROOT\vendor\phpunit\phpunit\phpunit, line 52



2018-11-07 01:43:33 Notice: Notice (8): Undefined index: active in [C:\wamp64\www\GestionDesStages\src\Controller\CompaniesController.php, line 43]
Request URL: /companies/view/2
Trace:
Cake\Error\BaseErrorHandler::handleError() - CORE\src\Error\BaseErrorHandler.php, line 159
App\Controller\CompaniesController::beforeFilter() - APP/Controller\CompaniesController.php, line 43
Cake\Event\EventManager::_callListener() - CORE\src\Event\EventManager.php, line 353
Cake\Event\EventManager::dispatch() - CORE\src\Event\EventManager.php, line 330
Cake\Controller\Controller::dispatchEvent() - CORE\src\Event\EventDispatcherTrait.php, line 114
Cake\Controller\Controller::startupProcess() - CORE\src\Controller\Controller.php, line 658
Cake\Http\ActionDispatcher::_invoke() - CORE\src\Http\ActionDispatcher.php, line 115
Cake\Http\ActionDispatcher::dispatch() - CORE\src\Http\ActionDispatcher.php, line 94
Cake\Http\BaseApplication::__invoke() - CORE\src\Http\BaseApplication.php, line 235
Cake\Http\Runner::__invoke() - CORE\src\Http\Runner.php, line 65
Cake\Http\Middleware\CsrfProtectionMiddleware::__invoke() - CORE\src\Http\Middleware\CsrfProtectionMiddleware.php, line 103
Cake\Http\Runner::__invoke() - CORE\src\Http\Runner.php, line 65
Cake\Routing\Middleware\RoutingMiddleware::__invoke() - CORE\src\Routing\Middleware\RoutingMiddleware.php, line 156
Cake\Http\Runner::__invoke() - CORE\src\Http\Runner.php, line 65
Cake\Routing\Middleware\AssetMiddleware::__invoke() - CORE\src\Routing\Middleware\AssetMiddleware.php, line 88
Cake\Http\Runner::__invoke() - CORE\src\Http\Runner.php, line 65
Cake\Error\Middleware\ErrorHandlerMiddleware::__invoke() - CORE\src\Error\Middleware\ErrorHandlerMiddleware.php, line 98
Cake\Http\Runner::__invoke() - CORE\src\Http\Runner.php, line 65
Cake\Http\Runner::run() - CORE\src\Http\Runner.php, line 51
Cake\Http\Server::run() - CORE\src\Http\Server.php, line 98
Cake\TestSuite\MiddlewareDispatcher::execute() - CORE\src\TestSuite\MiddlewareDispatcher.php, line 149
Cake\TestSuite\IntegrationTestCase::_sendRequest() - CORE\src\TestSuite\IntegrationTestCase.php, line 495
Cake\TestSuite\IntegrationTestCase::get() - CORE\src\TestSuite\IntegrationTestCase.php, line 375
App\Test\TestCase\Controller\CompaniesControllerTest::testViewAsOther() - ROOT\tests\TestCase\Controller\CompaniesControllerTest.php, line 82
ReflectionMethod::invokeArgs() - [internal], line ??
PHPUnit_Framework_TestCase::runTest() - ROOT\vendor\phpunit\phpunit\src\Framework\TestCase.php, line 1062
PHPUnit_Framework_TestCase::runBare() - ROOT\vendor\phpunit\phpunit\src\Framework\TestCase.php, line 913
PHPUnit_Framework_TestResult::run() - ROOT\vendor\phpunit\phpunit\src\Framework\TestResult.php, line 686
PHPUnit_Framework_TestCase::run() - ROOT\vendor\phpunit\phpunit\src\Framework\TestCase.php, line 868
PHPUnit_Framework_TestSuite::run() - ROOT\vendor\phpunit\phpunit\src\Framework\TestSuite.php, line 733
PHPUnit_Framework_TestSuite::run() - ROOT\vendor\phpunit\phpunit\src\Framework\TestSuite.php, line 733
PHPUnit_TextUI_TestRunner::doRun() - ROOT\vendor\phpunit\phpunit\src\TextUI\TestRunner.php, line 517
PHPUnit_TextUI_Command::run() - ROOT\vendor\phpunit\phpunit\src\TextUI\Command.php, line 186
PHPUnit_TextUI_Command::main() - ROOT\vendor\phpunit\phpunit\src\TextUI\Command.php, line 116
[main] - ROOT\vendor\phpunit\phpunit\phpunit, line 52



2018-11-07 02:25:30 Notice: Notice (8): Undefined property: App\Test\TestCase\Controller\CompaniesControllerTest::$request in [C:\wamp64\www\GestionDesStages\tests\TestCase\Controller\CompaniesControllerTest.php, line 97]
Request URL: /companies/view/2
Trace:
Cake\Error\BaseErrorHandler::handleError() - CORE\src\Error\BaseErrorHandler.php, line 159
App\Test\TestCase\Controller\CompaniesControllerTest::testViewAsOther() - ROOT\tests\TestCase\Controller\CompaniesControllerTest.php, line 97
ReflectionMethod::invokeArgs() - [internal], line ??
PHPUnit_Framework_TestCase::runTest() - ROOT\vendor\phpunit\phpunit\src\Framework\TestCase.php, line 1062
PHPUnit_Framework_TestCase::runBare() - ROOT\vendor\phpunit\phpunit\src\Framework\TestCase.php, line 913
PHPUnit_Framework_TestResult::run() - ROOT\vendor\phpunit\phpunit\src\Framework\TestResult.php, line 686
PHPUnit_Framework_TestCase::run() - ROOT\vendor\phpunit\phpunit\src\Framework\TestCase.php, line 868
PHPUnit_Framework_TestSuite::run() - ROOT\vendor\phpunit\phpunit\src\Framework\TestSuite.php, line 733
PHPUnit_TextUI_TestRunner::doRun() - ROOT\vendor\phpunit\phpunit\src\TextUI\TestRunner.php, line 517
PHPUnit_TextUI_Command::run() - ROOT\vendor\phpunit\phpunit\src\TextUI\Command.php, line 186
PHPUnit_TextUI_Command::main() - ROOT\vendor\phpunit\phpunit\src\TextUI\Command.php, line 116
[main] - ROOT\vendor\phpunit\phpunit\phpunit, line 52



2018-11-07 02:25:30 Notice: Notice (8): Trying to get property of non-object in [C:\wamp64\www\GestionDesStages\tests\TestCase\Controller\CompaniesControllerTest.php, line 97]
Request URL: /companies/view/2
Trace:
Cake\Error\BaseErrorHandler::handleError() - CORE\src\Error\BaseErrorHandler.php, line 159
App\Test\TestCase\Controller\CompaniesControllerTest::testViewAsOther() - ROOT\tests\TestCase\Controller\CompaniesControllerTest.php, line 97
ReflectionMethod::invokeArgs() - [internal], line ??
PHPUnit_Framework_TestCase::runTest() - ROOT\vendor\phpunit\phpunit\src\Framework\TestCase.php, line 1062
PHPUnit_Framework_TestCase::runBare() - ROOT\vendor\phpunit\phpunit\src\Framework\TestCase.php, line 913
PHPUnit_Framework_TestResult::run() - ROOT\vendor\phpunit\phpunit\src\Framework\TestResult.php, line 686
PHPUnit_Framework_TestCase::run() - ROOT\vendor\phpunit\phpunit\src\Framework\TestCase.php, line 868
PHPUnit_Framework_TestSuite::run() - ROOT\vendor\phpunit\phpunit\src\Framework\TestSuite.php, line 733
PHPUnit_TextUI_TestRunner::doRun() - ROOT\vendor\phpunit\phpunit\src\TextUI\TestRunner.php, line 517
PHPUnit_TextUI_Command::run() - ROOT\vendor\phpunit\phpunit\src\TextUI\Command.php, line 186
PHPUnit_TextUI_Command::main() - ROOT\vendor\phpunit\phpunit\src\TextUI\Command.php, line 116
[main] - ROOT\vendor\phpunit\phpunit\phpunit, line 52



2018-11-07 02:25:30 Notice: Notice (8): Undefined property: App\Test\TestCase\Controller\CompaniesControllerTest::$request in [C:\wamp64\www\GestionDesStages\tests\TestCase\Controller\CompaniesControllerTest.php, line 98]
Request URL: /companies/view/2
Trace:
Cake\Error\BaseErrorHandler::handleError() - CORE\src\Error\BaseErrorHandler.php, line 159
App\Test\TestCase\Controller\CompaniesControllerTest::testViewAsOther() - ROOT\tests\TestCase\Controller\CompaniesControllerTest.php, line 98
ReflectionMethod::invokeArgs() - [internal], line ??
PHPUnit_Framework_TestCase::runTest() - ROOT\vendor\phpunit\phpunit\src\Framework\TestCase.php, line 1062
PHPUnit_Framework_TestCase::runBare() - ROOT\vendor\phpunit\phpunit\src\Framework\TestCase.php, line 913
PHPUnit_Framework_TestResult::run() - ROOT\vendor\phpunit\phpunit\src\Framework\TestResult.php, line 686
PHPUnit_Framework_TestCase::run() - ROOT\vendor\phpunit\phpunit\src\Framework\TestCase.php, line 868
PHPUnit_Framework_TestSuite::run() - ROOT\vendor\phpunit\phpunit\src\Framework\TestSuite.php, line 733
PHPUnit_TextUI_TestRunner::doRun() - ROOT\vendor\phpunit\phpunit\src\TextUI\TestRunner.php, line 517
PHPUnit_TextUI_Command::run() - ROOT\vendor\phpunit\phpunit\src\TextUI\Command.php, line 186
PHPUnit_TextUI_Command::main() - ROOT\vendor\phpunit\phpunit\src\TextUI\Command.php, line 116
[main] - ROOT\vendor\phpunit\phpunit\phpunit, line 52



2018-11-07 02:25:30 Notice: Notice (8): Trying to get property of non-object in [C:\wamp64\www\GestionDesStages\tests\TestCase\Controller\CompaniesControllerTest.php, line 98]
Request URL: /companies/view/2
Trace:
Cake\Error\BaseErrorHandler::handleError() - CORE\src\Error\BaseErrorHandler.php, line 159
App\Test\TestCase\Controller\CompaniesControllerTest::testViewAsOther() - ROOT\tests\TestCase\Controller\CompaniesControllerTest.php, line 98
ReflectionMethod::invokeArgs() - [internal], line ??
PHPUnit_Framework_TestCase::runTest() - ROOT\vendor\phpunit\phpunit\src\Framework\TestCase.php, line 1062
PHPUnit_Framework_TestCase::runBare() - ROOT\vendor\phpunit\phpunit\src\Framework\TestCase.php, line 913
PHPUnit_Framework_TestResult::run() - ROOT\vendor\phpunit\phpunit\src\Framework\TestResult.php, line 686
PHPUnit_Framework_TestCase::run() - ROOT\vendor\phpunit\phpunit\src\Framework\TestCase.php, line 868
PHPUnit_Framework_TestSuite::run() - ROOT\vendor\phpunit\phpunit\src\Framework\TestSuite.php, line 733
PHPUnit_TextUI_TestRunner::doRun() - ROOT\vendor\phpunit\phpunit\src\TextUI\TestRunner.php, line 517
PHPUnit_TextUI_Command::run() - ROOT\vendor\phpunit\phpunit\src\TextUI\Command.php, line 186
PHPUnit_TextUI_Command::main() - ROOT\vendor\phpunit\phpunit\src\TextUI\Command.php, line 116
[main] - ROOT\vendor\phpunit\phpunit\phpunit, line 52



2018-11-07 02:25:30 Notice: Notice (8): Undefined property: App\Test\TestCase\Controller\CompaniesControllerTest::$request in [C:\wamp64\www\GestionDesStages\tests\TestCase\Controller\CompaniesControllerTest.php, line 99]
Request URL: /companies/view/2
Trace:
Cake\Error\BaseErrorHandler::handleError() - CORE\src\Error\BaseErrorHandler.php, line 159
App\Test\TestCase\Controller\CompaniesControllerTest::testViewAsOther() - ROOT\tests\TestCase\Controller\CompaniesControllerTest.php, line 99
ReflectionMethod::invokeArgs() - [internal], line ??
PHPUnit_Framework_TestCase::runTest() - ROOT\vendor\phpunit\phpunit\src\Framework\TestCase.php, line 1062
PHPUnit_Framework_TestCase::runBare() - ROOT\vendor\phpunit\phpunit\src\Framework\TestCase.php, line 913
PHPUnit_Framework_TestResult::run() - ROOT\vendor\phpunit\phpunit\src\Framework\TestResult.php, line 686
PHPUnit_Framework_TestCase::run() - ROOT\vendor\phpunit\phpunit\src\Framework\TestCase.php, line 868
PHPUnit_Framework_TestSuite::run() - ROOT\vendor\phpunit\phpunit\src\Framework\TestSuite.php, line 733
PHPUnit_TextUI_TestRunner::doRun() - ROOT\vendor\phpunit\phpunit\src\TextUI\TestRunner.php, line 517
PHPUnit_TextUI_Command::run() - ROOT\vendor\phpunit\phpunit\src\TextUI\Command.php, line 186
PHPUnit_TextUI_Command::main() - ROOT\vendor\phpunit\phpunit\src\TextUI\Command.php, line 116
[main] - ROOT\vendor\phpunit\phpunit\phpunit, line 52



2018-11-07 02:25:30 Notice: Notice (8): Trying to get property of non-object in [C:\wamp64\www\GestionDesStages\tests\TestCase\Controller\CompaniesControllerTest.php, line 99]
Request URL: /companies/view/2
Trace:
Cake\Error\BaseErrorHandler::handleError() - CORE\src\Error\BaseErrorHandler.php, line 159
App\Test\TestCase\Controller\CompaniesControllerTest::testViewAsOther() - ROOT\tests\TestCase\Controller\CompaniesControllerTest.php, line 99
ReflectionMethod::invokeArgs() - [internal], line ??
PHPUnit_Framework_TestCase::runTest() - ROOT\vendor\phpunit\phpunit\src\Framework\TestCase.php, line 1062
PHPUnit_Framework_TestCase::runBare() - ROOT\vendor\phpunit\phpunit\src\Framework\TestCase.php, line 913
PHPUnit_Framework_TestResult::run() - ROOT\vendor\phpunit\phpunit\src\Framework\TestResult.php, line 686
PHPUnit_Framework_TestCase::run() - ROOT\vendor\phpunit\phpunit\src\Framework\TestCase.php, line 868
PHPUnit_Framework_TestSuite::run() - ROOT\vendor\phpunit\phpunit\src\Framework\TestSuite.php, line 733
PHPUnit_TextUI_TestRunner::doRun() - ROOT\vendor\phpunit\phpunit\src\TextUI\TestRunner.php, line 517
PHPUnit_TextUI_Command::run() - ROOT\vendor\phpunit\phpunit\src\TextUI\Command.php, line 186
PHPUnit_TextUI_Command::main() - ROOT\vendor\phpunit\phpunit\src\TextUI\Command.php, line 116
[main] - ROOT\vendor\phpunit\phpunit\phpunit, line 52



2018-11-07 02:27:52 Notice: Notice (8): Undefined property: App\Test\TestCase\Controller\CompaniesControllerTest::$request in [C:\wamp64\www\GestionDesStages\tests\TestCase\Controller\CompaniesControllerTest.php, line 97]
Request URL: /companies/view/2
Trace:
Cake\Error\BaseErrorHandler::handleError() - CORE\src\Error\BaseErrorHandler.php, line 159
App\Test\TestCase\Controller\CompaniesControllerTest::testViewAsOther() - ROOT\tests\TestCase\Controller\CompaniesControllerTest.php, line 97
ReflectionMethod::invokeArgs() - [internal], line ??
PHPUnit_Framework_TestCase::runTest() - ROOT\vendor\phpunit\phpunit\src\Framework\TestCase.php, line 1062
PHPUnit_Framework_TestCase::runBare() - ROOT\vendor\phpunit\phpunit\src\Framework\TestCase.php, line 913
PHPUnit_Framework_TestResult::run() - ROOT\vendor\phpunit\phpunit\src\Framework\TestResult.php, line 686
PHPUnit_Framework_TestCase::run() - ROOT\vendor\phpunit\phpunit\src\Framework\TestCase.php, line 868
PHPUnit_Framework_TestSuite::run() - ROOT\vendor\phpunit\phpunit\src\Framework\TestSuite.php, line 733
PHPUnit_TextUI_TestRunner::doRun() - ROOT\vendor\phpunit\phpunit\src\TextUI\TestRunner.php, line 517
PHPUnit_TextUI_Command::run() - ROOT\vendor\phpunit\phpunit\src\TextUI\Command.php, line 186
PHPUnit_TextUI_Command::main() - ROOT\vendor\phpunit\phpunit\src\TextUI\Command.php, line 116
[main] - ROOT\vendor\phpunit\phpunit\phpunit, line 52



2018-11-07 02:27:52 Notice: Notice (8): Undefined property: App\Test\TestCase\Controller\CompaniesControllerTest::$request in [C:\wamp64\www\GestionDesStages\tests\TestCase\Controller\CompaniesControllerTest.php, line 98]
Request URL: /companies/view/2
Trace:
Cake\Error\BaseErrorHandler::handleError() - CORE\src\Error\BaseErrorHandler.php, line 159
App\Test\TestCase\Controller\CompaniesControllerTest::testViewAsOther() - ROOT\tests\TestCase\Controller\CompaniesControllerTest.php, line 98
ReflectionMethod::invokeArgs() - [internal], line ??
PHPUnit_Framework_TestCase::runTest() - ROOT\vendor\phpunit\phpunit\src\Framework\TestCase.php, line 1062
PHPUnit_Framework_TestCase::runBare() - ROOT\vendor\phpunit\phpunit\src\Framework\TestCase.php, line 913
PHPUnit_Framework_TestResult::run() - ROOT\vendor\phpunit\phpunit\src\Framework\TestResult.php, line 686
PHPUnit_Framework_TestCase::run() - ROOT\vendor\phpunit\phpunit\src\Framework\TestCase.php, line 868
PHPUnit_Framework_TestSuite::run() - ROOT\vendor\phpunit\phpunit\src\Framework\TestSuite.php, line 733
PHPUnit_TextUI_TestRunner::doRun() - ROOT\vendor\phpunit\phpunit\src\TextUI\TestRunner.php, line 517
PHPUnit_TextUI_Command::run() - ROOT\vendor\phpunit\phpunit\src\TextUI\Command.php, line 186
PHPUnit_TextUI_Command::main() - ROOT\vendor\phpunit\phpunit\src\TextUI\Command.php, line 116
[main] - ROOT\vendor\phpunit\phpunit\phpunit, line 52



2018-11-07 02:27:52 Notice: Notice (8): Undefined property: App\Test\TestCase\Controller\CompaniesControllerTest::$request in [C:\wamp64\www\GestionDesStages\tests\TestCase\Controller\CompaniesControllerTest.php, line 99]
Request URL: /companies/view/2
Trace:
Cake\Error\BaseErrorHandler::handleError() - CORE\src\Error\BaseErrorHandler.php, line 159
App\Test\TestCase\Controller\CompaniesControllerTest::testViewAsOther() - ROOT\tests\TestCase\Controller\CompaniesControllerTest.php, line 99
ReflectionMethod::invokeArgs() - [internal], line ??
PHPUnit_Framework_TestCase::runTest() - ROOT\vendor\phpunit\phpunit\src\Framework\TestCase.php, line 1062
PHPUnit_Framework_TestCase::runBare() - ROOT\vendor\phpunit\phpunit\src\Framework\TestCase.php, line 913
PHPUnit_Framework_TestResult::run() - ROOT\vendor\phpunit\phpunit\src\Framework\TestResult.php, line 686
PHPUnit_Framework_TestCase::run() - ROOT\vendor\phpunit\phpunit\src\Framework\TestCase.php, line 868
PHPUnit_Framework_TestSuite::run() - ROOT\vendor\phpunit\phpunit\src\Framework\TestSuite.php, line 733
PHPUnit_TextUI_TestRunner::doRun() - ROOT\vendor\phpunit\phpunit\src\TextUI\TestRunner.php, line 517
PHPUnit_TextUI_Command::run() - ROOT\vendor\phpunit\phpunit\src\TextUI\Command.php, line 186
PHPUnit_TextUI_Command::main() - ROOT\vendor\phpunit\phpunit\src\TextUI\Command.php, line 116
[main] - ROOT\vendor\phpunit\phpunit\phpunit, line 52



