2018-09-18 07:29:29 Error: Fatal Error (1): Class 'App\Model\Entity\DefaultPasswordHasher' not found in [C:\Program Files (x86)\Ampps\www\GestionDesStages\src\Model\Entity\Student.php, line 58]
Request URL: /students/add
Referer URL: http://localhost/GestionDesStages/students/add
Trace:
Cake\Error\BaseErrorHandler::handleFatalError() - CORE\src\Error\BaseErrorHandler.php, line 229
Cake\Error\BaseErrorHandler::Cake\Error\{closure}() - CORE\src\Error\BaseErrorHandler.php, line 110
[main] - [internal], line ??



2018-09-18 07:29:29 Warning: Warning (512): Unable to emit headers. Headers sent in file=C:\Program Files (x86)\Ampps\www\GestionDesStages\src\Model\Entity\Student.php line=58 in [C:\Program Files (x86)\Ampps\www\GestionDesStages\vendor\cakephp\cakephp\src\Http\ResponseEmitter.php, line 48]
Request URL: /students/add
Referer URL: http://localhost/GestionDesStages/students/add
Trace:
Cake\Error\BaseErrorHandler::handleError() - CORE\src\Error\BaseErrorHandler.php, line 159
Cake\Core\BasePlugin::{closure}() - ROOT\vendor\cakephp\debug_kit\config\bootstrap.php, line 41
Cake\Http\ResponseEmitter::emit() - CORE\src\Http\ResponseEmitter.php, line 48
Cake\Error\ErrorHandler::_sendResponse() - CORE\src\Error\ErrorHandler.php, line 198
Cake\Error\ErrorHandler::_displayException() - CORE\src\Error\ErrorHandler.php, line 139
Cake\Error\BaseErrorHandler::handleException() - CORE\src\Error\BaseErrorHandler.php, line 193
Cake\Error\BaseErrorHandler::handleFatalError() - CORE\src\Error\BaseErrorHandler.php, line 231
Cake\Error\BaseErrorHandler::Cake\Error\{closure}() - CORE\src\Error\BaseErrorHandler.php, line 110
[main] - [internal], line ??



2018-09-18 07:29:29 Warning: Warning (2): Cannot modify header information - headers already sent by (output started at C:\Program Files (x86)\Ampps\www\GestionDesStages\src\Model\Entity\Student.php:58) in [C:\Program Files (x86)\Ampps\www\GestionDesStages\vendor\cakephp\cakephp\src\Http\ResponseEmitter.php, line 149]
Request URL: /students/add
Referer URL: http://localhost/GestionDesStages/students/add
Trace:
Cake\Error\BaseErrorHandler::handleError() - CORE\src\Error\BaseErrorHandler.php, line 159
Cake\Core\BasePlugin::{closure}() - ROOT\vendor\cakephp\debug_kit\config\bootstrap.php, line 41
header - [internal], line ??
Cake\Http\ResponseEmitter::emitStatusLine() - CORE\src\Http\ResponseEmitter.php, line 149
Cake\Http\ResponseEmitter::emit() - CORE\src\Http\ResponseEmitter.php, line 54
Cake\Error\ErrorHandler::_sendResponse() - CORE\src\Error\ErrorHandler.php, line 198
Cake\Error\ErrorHandler::_displayException() - CORE\src\Error\ErrorHandler.php, line 139
Cake\Error\BaseErrorHandler::handleException() - CORE\src\Error\BaseErrorHandler.php, line 193
Cake\Error\BaseErrorHandler::handleFatalError() - CORE\src\Error\BaseErrorHandler.php, line 231
Cake\Error\BaseErrorHandler::Cake\Error\{closure}() - CORE\src\Error\BaseErrorHandler.php, line 110
[main] - [internal], line ??



2018-09-18 07:29:29 Warning: Warning (2): Cannot modify header information - headers already sent by (output started at C:\Program Files (x86)\Ampps\www\GestionDesStages\src\Model\Entity\Student.php:58) in [C:\Program Files (x86)\Ampps\www\GestionDesStages\vendor\cakephp\cakephp\src\Http\ResponseEmitter.php, line 181]
Request URL: /students/add
Referer URL: http://localhost/GestionDesStages/students/add
Trace:
Cake\Error\BaseErrorHandler::handleError() - CORE\src\Error\BaseErrorHandler.php, line 159
Cake\Core\BasePlugin::{closure}() - ROOT\vendor\cakephp\debug_kit\config\bootstrap.php, line 41
header - [internal], line ??
Cake\Http\ResponseEmitter::emitHeaders() - CORE\src\Http\ResponseEmitter.php, line 181
Cake\Http\ResponseEmitter::emit() - CORE\src\Http\ResponseEmitter.php, line 55
Cake\Error\ErrorHandler::_sendResponse() - CORE\src\Error\ErrorHandler.php, line 198
Cake\Error\ErrorHandler::_displayException() - CORE\src\Error\ErrorHandler.php, line 139
Cake\Error\BaseErrorHandler::handleException() - CORE\src\Error\BaseErrorHandler.php, line 193
Cake\Error\BaseErrorHandler::handleFatalError() - CORE\src\Error\BaseErrorHandler.php, line 231
Cake\Error\BaseErrorHandler::Cake\Error\{closure}() - CORE\src\Error\BaseErrorHandler.php, line 110
[main] - [internal], line ??



2018-09-18 07:29:29 Error: [Cake\Error\FatalErrorException] Class 'App\Model\Entity\DefaultPasswordHasher' not found in C:\Program Files (x86)\Ampps\www\GestionDesStages\src\Model\Entity\Student.php on line 58
Request URL: /students/add
Referer URL: http://localhost/GestionDesStages/students/add
Stack Trace:
#0 C:\Program Files (x86)\Ampps\www\GestionDesStages\vendor\cakephp\cakephp\src\Error\BaseErrorHandler.php(110): Cake\Error\BaseErrorHandler->handleFatalError(1, 'Class 'App\\Mode...', 'C:\\Program File...', 58)
#1 [internal function]: Cake\Error\BaseErrorHandler->Cake\Error\{closure}()
#2 {main}


